<?xml version="1.0" encoding="UTF-8"?>
<!-- Generated by org.testng.reporters.JUnitReportReporter -->
<testsuite hostname="LAPTOP-T5C0I2QV" failures="0" tests="1" name="Demo.UnitTest" time="8.295" errors="0" timestamp="24 Jul 2020 04:27:52 GMT" skipped="0">
  <testcase classname="Demo.UnitTest" name="test1" time="8.295"/>
</testsuite> <!-- Demo.UnitTest -->
