<?xml version="1.0" encoding="UTF-8"?>
<!-- Generated by org.testng.reporters.JUnitReportReporter -->
<testsuite hostname="LAPTOP-T5C0I2QV" failures="0" tests="1" name="Demo.UnitTest" time="4.149" errors="0" timestamp="19 Jul 2020 16:24:27 GMT" skipped="0">
  <testcase classname="Demo.UnitTest" name="test1" time="4.149"/>
</testsuite> <!-- Demo.UnitTest -->
