<?xml version="1.0" encoding="UTF-8"?>
<!-- Generated by org.testng.reporters.JUnitReportReporter -->
<testsuite hostname="LAPTOP-T5C0I2QV" failures="0" tests="1" name="com.newTest.TestClass" time="4.778" errors="0" timestamp="20 Jun 2020 06:47:59 GMT" skipped="0">
  <testcase classname="com.newTest.TestClass" name="test" time="4.778"/>
</testsuite> <!-- com.newTest.TestClass -->
