<?xml version="1.0" encoding="UTF-8"?>
<!-- Generated by org.testng.reporters.JUnitReportReporter -->
<testsuite hostname="LAPTOP-T5C0I2QV" failures="0" tests="3" name="utils.ExcellDataProvider" time="0.013" errors="0" timestamp="25 Jun 2020 06:52:18 GMT" skipped="0">
  <testcase classname="utils.ExcellDataProvider" name="test1" time="0.010"/>
  <testcase classname="utils.ExcellDataProvider" name="test1" time="0.001"/>
  <testcase classname="utils.ExcellDataProvider" name="test1" time="0.002"/>
</testsuite> <!-- utils.ExcellDataProvider -->
